0 info it worked if it ends with ok
1 verbose cli [ '/usr/local/bin/node', '/usr/local/bin/npm', 'start' ]
2 info using npm@2.14.12
3 info using node@v4.3.1
4 verbose run-script [ 'prestart', 'start', 'poststart' ]
5 info prestart lohud-trellobot@1.0.0
6 info start lohud-trellobot@1.0.0
7 verbose unsafe-perm in lifecycle true
8 info lohud-trellobot@1.0.0 Failed to exec start script
9 verbose stack Error: lohud-trellobot@1.0.0 start: `gulpfile`
9 verbose stack spawn ENOENT
9 verbose stack     at ChildProcess.<anonymous> (/usr/local/lib/node_modules/npm/lib/utils/spawn.js:17:16)
9 verbose stack     at emitTwo (events.js:87:13)
9 verbose stack     at ChildProcess.emit (events.js:172:7)
9 verbose stack     at maybeClose (internal/child_process.js:821:16)
9 verbose stack     at Process.ChildProcess._handle.onexit (internal/child_process.js:211:5)
10 verbose pkgid lohud-trellobot@1.0.0
11 verbose cwd /Users/JTEOH/Dropbox/Dev/kaidesign/trellobot
12 error Darwin 15.3.0
13 error argv "/usr/local/bin/node" "/usr/local/bin/npm" "start"
14 error node v4.3.1
15 error npm  v2.14.12
16 error file sh
17 error code ELIFECYCLE
18 error errno ENOENT
19 error syscall spawn
20 error lohud-trellobot@1.0.0 start: `gulpfile`
20 error spawn ENOENT
21 error Failed at the lohud-trellobot@1.0.0 start script 'gulpfile'.
21 error This is most likely a problem with the lohud-trellobot package,
21 error not with npm itself.
21 error Tell the author that this fails on your system:
21 error     gulpfile
21 error You can get their info via:
21 error     npm owner ls lohud-trellobot
21 error There is likely additional logging output above.
22 verbose exit [ 1, true ]
